Z:\home\mark\Desktop\schoolS2018\cpe-390\HCScode\hw3\problem_5.lst - generated by MGTEK Assembler ASM12 V1.26 Build 144 for WIN32 (x86) - Thu Mar 01 11:03:49 2018

    1:          =00005000                      ORG     $5000
    2:     5000 +0018                  arr:    DCB.W   12, $1600
    3:     5018 +0018                          DCB.W 12, $2200
    4:          =00005100                      ORG     $5100
    5:     5100 +0001                          DS.B    1
    6:          =00004000                      ORG     $4000
    7:     4000 CE 5000                        ldx     #arr            ;set up X on the array, will 2 step it
    8:     4003 CD 0018                        ldy     #24             ;we'll use 3 arithmetic shifts to bring nums into 8-bit range
    9:     4006 EC 31                  reld:   ldd     2, X+   
   10:     4008 47                     crsh:   asra
   11:     4009 56                             rorb
   12:     400A 47                             asra
   13:     400B 56                             rorb
   14:     400C 47                             asra
   15:     400D 56                             rorb                    ;these two are the equivalent of a arithmetic right shift on D
   16:     400E C3 007D                rdy:    addd    #125            ;lowest possible value is -125
   17:     4011 2B 08                          bmi     nope            ;if it's negative, go back
   18:     4013 83 0177                        subd    #375            ;take the 375 out
   19:     4016 2F 03                          ble     nope            ;if we're still in after this, add it
   20:     4018 72 5100                good:   inc     $5100           ;add 1 to the total
   21:     401B 04 36 E8               nope:   dbne    y,reld  ;back to the top if we have more to go
   22:                                         
   23:                                         
   24:                                         
   25:                                         
   26:                                         

Symbols:
arr                             *00005000
nope                            *0000401b
reld                            *00004006

