Z:\home\mark\Desktop\schoolS2018\cpe-390\HCScode\hw4\problem_1.lst - generated by MGTEK Assembler ASM12 V1.26 Build 144 for WIN32 (x86) - Wed Mar 07 20:42:06 2018

    1:          =00000060              lwcs:   EQU     $60
    2:          =00005000                      ORG     $5000
    3:     5000 4D 61 72 6B 20 46              dc.b    "Mark Freeman 2020"
           5006 72 65 65 6D 61 6E 
           500C 20 32 30 32 30 
    4:          =00004000                      ORG     $4000
    5:     4000 CE 5000                        ldx     #$5000
    6:     4003 A6 00                  loop:   ldaa    0,X
    7:     4005 04 40 0A                       tbeq    A, done
    8:     4008 91 60                          cmpa    lwcs
    9:     400A 25 02                          blo     upcs
   10:     400C 80 20                          suba    #$20
   11:     400E 6A 30                  upcs:   staa    1, X+
   12:     4010 20 F1                          bra     loop
   13:     4012 3F                     done:   swi

Symbols:
done                            *00004012
loop                            *00004003
lwcs                            *00000060
upcs                            *0000400e

